noeud explores FC 25
temps FC 103 microsecondes
noeud explores RFL 25
temps RFL 12529 microsecondes
noeud explores BM 50
temps BM 67793 microsecondes
noeud explores FC 25
temps FC 118 microsecondes
noeud explores RFL 25
temps RFL 13066 microsecondes
noeud explores BM 50
temps BM 69313 microsecondes
noeud explores FC 25
temps FC 167 microsecondes
noeud explores RFL 25
temps RFL 12998 microsecondes
noeud explores BM 50
temps BM 68575 microsecondes
noeud explores FC 25
temps FC 115 microsecondes
noeud explores RFL 25
temps RFL 13020 microsecondes
noeud explores BM 50
temps BM 68416 microsecondes
noeud explores FC 25
temps FC 208 microsecondes
noeud explores RFL 25
temps RFL 12861 microsecondes
noeud explores BM 50
temps BM 69911 microsecondes
noeud explores FC 25
temps FC 146 microsecondes
noeud explores RFL 25
temps RFL 16153 microsecondes
noeud explores BM 50
temps BM 76585 microsecondes
noeud explores FC 25
temps FC 96 microsecondes
noeud explores RFL 25
temps RFL 12697 microsecondes
noeud explores BM 50
temps BM 67941 microsecondes
noeud explores FC 25
temps FC 109 microsecondes
noeud explores RFL 25
temps RFL 13544 microsecondes
noeud explores BM 50
temps BM 69014 microsecondes
noeud explores FC 25
temps FC 146 microsecondes
noeud explores RFL 25
temps RFL 12940 microsecondes
noeud explores BM 50
temps BM 68594 microsecondes
